<?xml version="1.0" encoding="UTF-8"?>
<testsuite name="com.dave.devops.demo.calculator.CalculatorApplicationTests" tests="1" skipped="0" failures="0" errors="0" timestamp="2024-07-05T04:32:42" hostname="localhost.localdomain" time="0.517">
  <properties/>
  <testcase name="contextLoads()" classname="com.dave.devops.demo.calculator.CalculatorApplicationTests" time="0.517"/>
  <system-out><![CDATA[07:32:40.530 [Test worker] INFO org.springframework.test.context.support.AnnotationConfigContextLoaderUtils -- Could not detect default configuration classes for test class [com.dave.devops.demo.calculator.CalculatorApplicationTests]: CalculatorApplicationTests does not declare any static, non-private, non-final, nested classes annotated with @Configuration.
07:32:40.601 [Test worker] INFO org.springframework.boot.test.context.SpringBootTestContextBootstrapper -- Found @SpringBootConfiguration com.dave.devops.demo.calculator.CalculatorApplication for test class com.dave.devops.demo.calculator.CalculatorApplicationTests
  .   ____          _            __ _ _
 /\\ / ___'_ __ _ _(_)_ __  __ _ \ \ \ \
( ( )\___ | '_ | '_| | '_ \/ _` | \ \ \ \
 \\/  ___)| |_)| | | | | || (_| |  ) ) ) )
  '  |____| .__|_| |_|_| |_\__, | / / / /
 =========|_|==============|___/=/_/_/_/

 :: Spring Boot ::                (v3.3.0)

2024-07-05T07:32:40.902+03:00  INFO 15662 --- [calculator] [    Test worker] c.d.d.d.c.CalculatorApplicationTests     : Starting CalculatorApplicationTests using Java 17.0.11 with PID 15662 (started by dave in /home/dave/Documents/Code/calculator)
2024-07-05T07:32:40.904+03:00  INFO 15662 --- [calculator] [    Test worker] c.d.d.d.c.CalculatorApplicationTests     : No active profile set, falling back to 1 default profile: "default"
2024-07-05T07:32:41.906+03:00  WARN 15662 --- [calculator] [    Test worker] .s.s.UserDetailsServiceAutoConfiguration : 

Using generated security password: 4eedef56-b2c9-47df-9b92-32ac27e2af37

This generated password is for development use only. Your security configuration must be updated before running your application in production.

2024-07-05T07:32:41.921+03:00  INFO 15662 --- [calculator] [    Test worker] r$InitializeUserDetailsManagerConfigurer : Global AuthenticationManager configured with UserDetailsService bean with name inMemoryUserDetailsManager
2024-07-05T07:32:42.417+03:00  INFO 15662 --- [calculator] [    Test worker] o.s.b.a.e.web.EndpointLinksResolver      : Exposing 1 endpoint beneath base path '/actuator'
2024-07-05T07:32:42.426+03:00  INFO 15662 --- [calculator] [    Test worker] o.s.s.web.DefaultSecurityFilterChain     : Will secure any request with [org.springframework.security.web.session.DisableEncodeUrlFilter@4cc26df, org.springframework.security.web.context.request.async.WebAsyncManagerIntegrationFilter@7848321e, org.springframework.security.web.context.SecurityContextHolderFilter@5fb8dc01, org.springframework.security.web.header.HeaderWriterFilter@7772d266, org.springframework.web.filter.CorsFilter@f4f843f, org.springframework.security.web.csrf.CsrfFilter@23b1aa9, org.springframework.security.web.authentication.logout.LogoutFilter@22048bd6, org.springframework.security.web.savedrequest.RequestCacheAwareFilter@2ee92e7d, org.springframework.security.web.servletapi.SecurityContextHolderAwareRequestFilter@6b832551, org.springframework.security.web.authentication.AnonymousAuthenticationFilter@7b5833ee, org.springframework.security.web.access.ExceptionTranslationFilter@733f1395, org.springframework.security.web.access.intercept.AuthorizationFilter@121ddca4]
2024-07-05T07:32:42.892+03:00  INFO 15662 --- [calculator] [    Test worker] c.d.d.d.c.CalculatorApplicationTests     : Started CalculatorApplicationTests in 2.187 seconds (process running for 2.88)
]]></system-out>
  <system-err><![CDATA[]]></system-err>
</testsuite>
