<?xml version="1.0" encoding="UTF-8"?>
<testsuite name="com.dave.devops.demo.calculator.CalculatorTest" tests="1" skipped="0" failures="0" errors="0" timestamp="2024-07-05T04:32:43" hostname="localhost.localdomain" time="0.004">
  <properties/>
  <testcase name="testSum()" classname="com.dave.devops.demo.calculator.CalculatorTest" time="0.004"/>
  <system-out><![CDATA[]]></system-out>
  <system-err><![CDATA[]]></system-err>
</testsuite>
